<?xml version="1.0" encoding="UTF-8"?>
<testng-results skipped="0" failed="0" ignored="0" total="1" passed="1">
  <reporter-output>
  </reporter-output>
  <suite name="Default suite" duration-ms="34101" started-at="2020-04-04T13:19:38Z" finished-at="2020-04-04T13:20:12Z">
    <groups>
    </groups>
    <test name="Default test" duration-ms="34101" started-at="2020-04-04T13:19:38Z" finished-at="2020-04-04T13:20:12Z">
      <class name="mouseHover.MouseMovement2">
        <test-method status="PASS" signature="mouseHover()[pri:0, instance:mouseHover.MouseMovement2@239963d8]" name="mouseHover" duration-ms="34073" started-at="2020-04-04T13:19:38Z" finished-at="2020-04-04T13:20:12Z">
          <reporter-output>
          </reporter-output>
        </test-method> <!-- mouseHover -->
      </class> <!-- mouseHover.MouseMovement2 -->
    </test> <!-- Default test -->
  </suite> <!-- Default suite -->
</testng-results>
