<?xml version="1.0" encoding="UTF-8"?>
<testng-results skipped="0" failed="0" ignored="0" total="1" passed="1">
  <reporter-output>
  </reporter-output>
  <suite name="Default suite" duration-ms="17178" started-at="2020-03-28T14:56:19Z" finished-at="2020-03-28T14:56:37Z">
    <groups>
    </groups>
    <test name="Default test" duration-ms="17178" started-at="2020-03-28T14:56:19Z" finished-at="2020-03-28T14:56:37Z">
      <class name="mouseHover.DoubleClick">
        <test-method status="PASS" signature="doubleClick()[pri:0, instance:mouseHover.DoubleClick@4dfa3a9d]" name="doubleClick" duration-ms="17148" started-at="2020-03-28T14:56:19Z" finished-at="2020-03-28T14:56:37Z">
          <reporter-output>
          </reporter-output>
        </test-method> <!-- doubleClick -->
      </class> <!-- mouseHover.DoubleClick -->
    </test> <!-- Default test -->
  </suite> <!-- Default suite -->
</testng-results>
